<?xml version="1.0" encoding="UTF-8"?>
<!-- Generated by org.testng.reporters.JUnitReportReporter -->
<testsuite hostname="DIGITAL-0099" failures="0" tests="306" name="org.run.Articles_Interest_Rate" time="905.991" errors="0" timestamp="27 Mar 2023 13:31:32 GMT" skipped="0">
  <testcase classname="org.run.Articles_Interest_Rate" name="verifyLink" time="2.831"/>
  <testcase classname="org.run.Articles_Interest_Rate" name="verifyLink" time="2.863"/>
  <testcase classname="org.run.Articles_Interest_Rate" name="verifyLink" time="3.136"/>
  <testcase classname="org.run.Articles_Interest_Rate" name="verifyLink" time="2.808"/>
  <testcase classname="org.run.Articles_Interest_Rate" name="verifyLink" time="2.937"/>
  <testcase classname="org.run.Articles_Interest_Rate" name="verifyLink" time="3.116"/>
  <testcase classname="org.run.Articles_Interest_Rate" name="verifyLink" time="2.848"/>
  <testcase classname="org.run.Articles_Interest_Rate" name="verifyLink" time="2.873"/>
  <testcase classname="org.run.Articles_Interest_Rate" name="verifyLink" time="2.987"/>
  <testcase classname="org.run.Articles_Interest_Rate" name="verifyLink" time="2.924"/>
  <testcase classname="org.run.Articles_Interest_Rate" name="verifyLink" time="2.876"/>
  <testcase classname="org.run.Articles_Interest_Rate" name="verifyLink" time="2.982"/>
  <testcase classname="org.run.Articles_Interest_Rate" name="verifyLink" time="2.893"/>
  <testcase classname="org.run.Articles_Interest_Rate" name="verifyLink" time="2.921"/>
  <testcase classname="org.run.Articles_Interest_Rate" name="verifyLink" time="2.962"/>
  <testcase classname="org.run.Articles_Interest_Rate" name="verifyLink" time="3.037"/>
  <testcase classname="org.run.Articles_Interest_Rate" name="verifyLink" time="2.744"/>
  <testcase classname="org.run.Articles_Interest_Rate" name="verifyLink" time="2.969"/>
  <testcase classname="org.run.Articles_Interest_Rate" name="verifyLink" time="2.841"/>
  <testcase classname="org.run.Articles_Interest_Rate" name="verifyLink" time="2.908"/>
  <testcase classname="org.run.Articles_Interest_Rate" name="verifyLink" time="2.823"/>
  <testcase classname="org.run.Articles_Interest_Rate" name="verifyLink" time="2.943"/>
  <testcase classname="org.run.Articles_Interest_Rate" name="verifyLink" time="3.036"/>
  <testcase classname="org.run.Articles_Interest_Rate" name="verifyLink" time="3.025"/>
  <testcase classname="org.run.Articles_Interest_Rate" name="verifyLink" time="2.860"/>
  <testcase classname="org.run.Articles_Interest_Rate" name="verifyLink" time="3.032"/>
  <testcase classname="org.run.Articles_Interest_Rate" name="verifyLink" time="2.945"/>
  <testcase classname="org.run.Articles_Interest_Rate" name="verifyLink" time="2.876"/>
  <testcase classname="org.run.Articles_Interest_Rate" name="verifyLink" time="3.284"/>
  <testcase classname="org.run.Articles_Interest_Rate" name="verifyLink" time="2.866"/>
  <testcase classname="org.run.Articles_Interest_Rate" name="verifyLink" time="2.914"/>
  <testcase classname="org.run.Articles_Interest_Rate" name="verifyLink" time="3.098"/>
  <testcase classname="org.run.Articles_Interest_Rate" name="verifyLink" time="2.786"/>
  <testcase classname="org.run.Articles_Interest_Rate" name="verifyLink" time="3.209"/>
  <testcase classname="org.run.Articles_Interest_Rate" name="verifyLink" time="3.006"/>
  <testcase classname="org.run.Articles_Interest_Rate" name="verifyLink" time="2.995"/>
  <testcase classname="org.run.Articles_Interest_Rate" name="verifyLink" time="3.173"/>
  <testcase classname="org.run.Articles_Interest_Rate" name="verifyLink" time="2.852"/>
  <testcase classname="org.run.Articles_Interest_Rate" name="verifyLink" time="2.903"/>
  <testcase classname="org.run.Articles_Interest_Rate" name="verifyLink" time="2.938"/>
  <testcase classname="org.run.Articles_Interest_Rate" name="verifyLink" time="2.987"/>
  <testcase classname="org.run.Articles_Interest_Rate" name="verifyLink" time="2.836"/>
  <testcase classname="org.run.Articles_Interest_Rate" name="verifyLink" time="2.750"/>
  <testcase classname="org.run.Articles_Interest_Rate" name="verifyLink" time="2.855"/>
  <testcase classname="org.run.Articles_Interest_Rate" name="verifyLink" time="2.822"/>
  <testcase classname="org.run.Articles_Interest_Rate" name="verifyLink" time="2.866"/>
  <testcase classname="org.run.Articles_Interest_Rate" name="verifyLink" time="2.800"/>
  <testcase classname="org.run.Articles_Interest_Rate" name="verifyLink" time="3.005"/>
  <testcase classname="org.run.Articles_Interest_Rate" name="verifyLink" time="3.023"/>
  <testcase classname="org.run.Articles_Interest_Rate" name="verifyLink" time="2.921"/>
  <testcase classname="org.run.Articles_Interest_Rate" name="verifyLink" time="3.000"/>
  <testcase classname="org.run.Articles_Interest_Rate" name="verifyLink" time="3.032"/>
  <testcase classname="org.run.Articles_Interest_Rate" name="verifyLink" time="2.919"/>
  <testcase classname="org.run.Articles_Interest_Rate" name="verifyLink" time="3.073"/>
  <testcase classname="org.run.Articles_Interest_Rate" name="verifyLink" time="2.877"/>
  <testcase classname="org.run.Articles_Interest_Rate" name="verifyLink" time="3.005"/>
  <testcase classname="org.run.Articles_Interest_Rate" name="verifyLink" time="3.012"/>
  <testcase classname="org.run.Articles_Interest_Rate" name="verifyLink" time="2.929"/>
  <testcase classname="org.run.Articles_Interest_Rate" name="verifyLink" time="3.370"/>
  <testcase classname="org.run.Articles_Interest_Rate" name="verifyLink" time="3.045"/>
  <testcase classname="org.run.Articles_Interest_Rate" name="verifyLink" time="3.044"/>
  <testcase classname="org.run.Articles_Interest_Rate" name="verifyLink" time="3.047"/>
  <testcase classname="org.run.Articles_Interest_Rate" name="verifyLink" time="2.891"/>
  <testcase classname="org.run.Articles_Interest_Rate" name="verifyLink" time="2.944"/>
  <testcase classname="org.run.Articles_Interest_Rate" name="verifyLink" time="2.725"/>
  <testcase classname="org.run.Articles_Interest_Rate" name="verifyLink" time="2.903"/>
  <testcase classname="org.run.Articles_Interest_Rate" name="verifyLink" time="3.320"/>
  <testcase classname="org.run.Articles_Interest_Rate" name="verifyLink" time="2.936"/>
  <testcase classname="org.run.Articles_Interest_Rate" name="verifyLink" time="2.912"/>
  <testcase classname="org.run.Articles_Interest_Rate" name="verifyLink" time="3.420"/>
  <testcase classname="org.run.Articles_Interest_Rate" name="verifyLink" time="3.080"/>
  <testcase classname="org.run.Articles_Interest_Rate" name="verifyLink" time="3.033"/>
  <testcase classname="org.run.Articles_Interest_Rate" name="verifyLink" time="2.835"/>
  <testcase classname="org.run.Articles_Interest_Rate" name="verifyLink" time="2.932"/>
  <testcase classname="org.run.Articles_Interest_Rate" name="verifyLink" time="3.011"/>
  <testcase classname="org.run.Articles_Interest_Rate" name="verifyLink" time="2.963"/>
  <testcase classname="org.run.Articles_Interest_Rate" name="verifyLink" time="3.050"/>
  <testcase classname="org.run.Articles_Interest_Rate" name="verifyLink" time="2.913"/>
  <testcase classname="org.run.Articles_Interest_Rate" name="verifyLink" time="2.821"/>
  <testcase classname="org.run.Articles_Interest_Rate" name="verifyLink" time="3.205"/>
  <testcase classname="org.run.Articles_Interest_Rate" name="verifyLink" time="2.892"/>
  <testcase classname="org.run.Articles_Interest_Rate" name="verifyLink" time="2.699"/>
  <testcase classname="org.run.Articles_Interest_Rate" name="verifyLink" time="3.057"/>
  <testcase classname="org.run.Articles_Interest_Rate" name="verifyLink" time="2.997"/>
  <testcase classname="org.run.Articles_Interest_Rate" name="verifyLink" time="2.840"/>
  <testcase classname="org.run.Articles_Interest_Rate" name="verifyLink" time="2.833"/>
  <testcase classname="org.run.Articles_Interest_Rate" name="verifyLink" time="2.902"/>
  <testcase classname="org.run.Articles_Interest_Rate" name="verifyLink" time="3.580"/>
  <testcase classname="org.run.Articles_Interest_Rate" name="verifyLink" time="2.903"/>
  <testcase classname="org.run.Articles_Interest_Rate" name="verifyLink" time="2.861"/>
  <testcase classname="org.run.Articles_Interest_Rate" name="verifyLink" time="3.005"/>
  <testcase classname="org.run.Articles_Interest_Rate" name="verifyLink" time="2.753"/>
  <testcase classname="org.run.Articles_Interest_Rate" name="verifyLink" time="2.919"/>
  <testcase classname="org.run.Articles_Interest_Rate" name="verifyLink" time="2.796"/>
  <testcase classname="org.run.Articles_Interest_Rate" name="verifyLink" time="2.718"/>
  <testcase classname="org.run.Articles_Interest_Rate" name="verifyLink" time="2.830"/>
  <testcase classname="org.run.Articles_Interest_Rate" name="verifyLink" time="3.010"/>
  <testcase classname="org.run.Articles_Interest_Rate" name="verifyLink" time="2.850"/>
  <testcase classname="org.run.Articles_Interest_Rate" name="verifyLink" time="2.848"/>
  <testcase classname="org.run.Articles_Interest_Rate" name="verifyLink" time="2.841"/>
  <testcase classname="org.run.Articles_Interest_Rate" name="verifyLink" time="2.820"/>
  <testcase classname="org.run.Articles_Interest_Rate" name="verifyLink" time="3.105"/>
  <testcase classname="org.run.Articles_Interest_Rate" name="verifyLink" time="2.709"/>
  <testcase classname="org.run.Articles_Interest_Rate" name="verifyLink" time="2.844"/>
  <testcase classname="org.run.Articles_Interest_Rate" name="verifyLink" time="3.269"/>
  <testcase classname="org.run.Articles_Interest_Rate" name="verifyLink" time="2.927"/>
  <testcase classname="org.run.Articles_Interest_Rate" name="verifyLink" time="2.810"/>
  <testcase classname="org.run.Articles_Interest_Rate" name="verifyLink" time="2.862"/>
  <testcase classname="org.run.Articles_Interest_Rate" name="verifyLink" time="3.077"/>
  <testcase classname="org.run.Articles_Interest_Rate" name="verifyLink" time="2.989"/>
  <testcase classname="org.run.Articles_Interest_Rate" name="verifyLink" time="2.941"/>
  <testcase classname="org.run.Articles_Interest_Rate" name="verifyLink" time="2.852"/>
  <testcase classname="org.run.Articles_Interest_Rate" name="verifyLink" time="3.024"/>
  <testcase classname="org.run.Articles_Interest_Rate" name="verifyLink" time="2.832"/>
  <testcase classname="org.run.Articles_Interest_Rate" name="verifyLink" time="2.779"/>
  <testcase classname="org.run.Articles_Interest_Rate" name="verifyLink" time="2.860"/>
  <testcase classname="org.run.Articles_Interest_Rate" name="verifyLink" time="2.921"/>
  <testcase classname="org.run.Articles_Interest_Rate" name="verifyLink" time="2.901"/>
  <testcase classname="org.run.Articles_Interest_Rate" name="verifyLink" time="3.274"/>
  <testcase classname="org.run.Articles_Interest_Rate" name="verifyLink" time="2.820"/>
  <testcase classname="org.run.Articles_Interest_Rate" name="verifyLink" time="2.888"/>
  <testcase classname="org.run.Articles_Interest_Rate" name="verifyLink" time="2.927"/>
  <testcase classname="org.run.Articles_Interest_Rate" name="verifyLink" time="2.835"/>
  <testcase classname="org.run.Articles_Interest_Rate" name="verifyLink" time="2.876"/>
  <testcase classname="org.run.Articles_Interest_Rate" name="verifyLink" time="3.407"/>
  <testcase classname="org.run.Articles_Interest_Rate" name="verifyLink" time="2.868"/>
  <testcase classname="org.run.Articles_Interest_Rate" name="verifyLink" time="2.787"/>
  <testcase classname="org.run.Articles_Interest_Rate" name="verifyLink" time="2.819"/>
  <testcase classname="org.run.Articles_Interest_Rate" name="verifyLink" time="2.836"/>
  <testcase classname="org.run.Articles_Interest_Rate" name="verifyLink" time="3.239"/>
  <testcase classname="org.run.Articles_Interest_Rate" name="verifyLink" time="3.058"/>
  <testcase classname="org.run.Articles_Interest_Rate" name="verifyLink" time="2.999"/>
  <testcase classname="org.run.Articles_Interest_Rate" name="verifyLink" time="2.653"/>
  <testcase classname="org.run.Articles_Interest_Rate" name="verifyLink" time="2.881"/>
  <testcase classname="org.run.Articles_Interest_Rate" name="verifyLink" time="2.845"/>
  <testcase classname="org.run.Articles_Interest_Rate" name="verifyLink" time="3.072"/>
  <testcase classname="org.run.Articles_Interest_Rate" name="verifyLink" time="2.706"/>
  <testcase classname="org.run.Articles_Interest_Rate" name="verifyLink" time="2.958"/>
  <testcase classname="org.run.Articles_Interest_Rate" name="verifyLink" time="2.865"/>
  <testcase classname="org.run.Articles_Interest_Rate" name="verifyLink" time="2.813"/>
  <testcase classname="org.run.Articles_Interest_Rate" name="verifyLink" time="3.114"/>
  <testcase classname="org.run.Articles_Interest_Rate" name="verifyLink" time="2.945"/>
  <testcase classname="org.run.Articles_Interest_Rate" name="verifyLink" time="2.931"/>
  <testcase classname="org.run.Articles_Interest_Rate" name="verifyLink" time="3.155"/>
  <testcase classname="org.run.Articles_Interest_Rate" name="verifyLink" time="2.835"/>
  <testcase classname="org.run.Articles_Interest_Rate" name="verifyLink" time="3.009"/>
  <testcase classname="org.run.Articles_Interest_Rate" name="verifyLink" time="3.060"/>
  <testcase classname="org.run.Articles_Interest_Rate" name="verifyLink" time="2.932"/>
  <testcase classname="org.run.Articles_Interest_Rate" name="verifyLink" time="3.054"/>
  <testcase classname="org.run.Articles_Interest_Rate" name="verifyLink" time="2.971"/>
  <testcase classname="org.run.Articles_Interest_Rate" name="verifyLink" time="2.919"/>
  <testcase classname="org.run.Articles_Interest_Rate" name="verifyLink" time="2.698"/>
  <testcase classname="org.run.Articles_Interest_Rate" name="verifyLink" time="2.947"/>
  <testcase classname="org.run.Articles_Interest_Rate" name="verifyLink" time="2.885"/>
  <testcase classname="org.run.Articles_Interest_Rate" name="verifyLink" time="2.812"/>
  <testcase classname="org.run.Articles_Interest_Rate" name="verifyLink" time="3.416"/>
  <testcase classname="org.run.Articles_Interest_Rate" name="verifyLink" time="3.093"/>
  <testcase classname="org.run.Articles_Interest_Rate" name="verifyLink" time="2.946"/>
  <testcase classname="org.run.Articles_Interest_Rate" name="verifyLink" time="3.823"/>
  <testcase classname="org.run.Articles_Interest_Rate" name="verifyLink" time="2.659"/>
  <testcase classname="org.run.Articles_Interest_Rate" name="verifyLink" time="2.772"/>
  <testcase classname="org.run.Articles_Interest_Rate" name="verifyLink" time="3.539"/>
  <testcase classname="org.run.Articles_Interest_Rate" name="verifyLink" time="2.672"/>
  <testcase classname="org.run.Articles_Interest_Rate" name="verifyLink" time="2.875"/>
  <testcase classname="org.run.Articles_Interest_Rate" name="verifyLink" time="3.088"/>
  <testcase classname="org.run.Articles_Interest_Rate" name="verifyLink" time="2.919"/>
  <testcase classname="org.run.Articles_Interest_Rate" name="verifyLink" time="2.944"/>
  <testcase classname="org.run.Articles_Interest_Rate" name="verifyLink" time="2.962"/>
  <testcase classname="org.run.Articles_Interest_Rate" name="verifyLink" time="2.763"/>
  <testcase classname="org.run.Articles_Interest_Rate" name="verifyLink" time="2.978"/>
  <testcase classname="org.run.Articles_Interest_Rate" name="verifyLink" time="2.858"/>
  <testcase classname="org.run.Articles_Interest_Rate" name="verifyLink" time="2.985"/>
  <testcase classname="org.run.Articles_Interest_Rate" name="verifyLink" time="3.313"/>
  <testcase classname="org.run.Articles_Interest_Rate" name="verifyLink" time="2.961"/>
  <testcase classname="org.run.Articles_Interest_Rate" name="verifyLink" time="3.003"/>
  <testcase classname="org.run.Articles_Interest_Rate" name="verifyLink" time="2.999"/>
  <testcase classname="org.run.Articles_Interest_Rate" name="verifyLink" time="2.913"/>
  <testcase classname="org.run.Articles_Interest_Rate" name="verifyLink" time="2.836"/>
  <testcase classname="org.run.Articles_Interest_Rate" name="verifyLink" time="2.802"/>
  <testcase classname="org.run.Articles_Interest_Rate" name="verifyLink" time="2.966"/>
  <testcase classname="org.run.Articles_Interest_Rate" name="verifyLink" time="3.003"/>
  <testcase classname="org.run.Articles_Interest_Rate" name="verifyLink" time="3.086"/>
  <testcase classname="org.run.Articles_Interest_Rate" name="verifyLink" time="2.889"/>
  <testcase classname="org.run.Articles_Interest_Rate" name="verifyLink" time="3.115"/>
  <testcase classname="org.run.Articles_Interest_Rate" name="verifyLink" time="2.794"/>
  <testcase classname="org.run.Articles_Interest_Rate" name="verifyLink" time="3.080"/>
  <testcase classname="org.run.Articles_Interest_Rate" name="verifyLink" time="2.935"/>
  <testcase classname="org.run.Articles_Interest_Rate" name="verifyLink" time="2.915"/>
  <testcase classname="org.run.Articles_Interest_Rate" name="verifyLink" time="3.212"/>
  <testcase classname="org.run.Articles_Interest_Rate" name="verifyLink" time="2.794"/>
  <testcase classname="org.run.Articles_Interest_Rate" name="verifyLink" time="2.961"/>
  <testcase classname="org.run.Articles_Interest_Rate" name="verifyLink" time="2.781"/>
  <testcase classname="org.run.Articles_Interest_Rate" name="verifyLink" time="2.912"/>
  <testcase classname="org.run.Articles_Interest_Rate" name="verifyLink" time="2.975"/>
  <testcase classname="org.run.Articles_Interest_Rate" name="verifyLink" time="2.856"/>
  <testcase classname="org.run.Articles_Interest_Rate" name="verifyLink" time="2.943"/>
  <testcase classname="org.run.Articles_Interest_Rate" name="verifyLink" time="2.843"/>
  <testcase classname="org.run.Articles_Interest_Rate" name="verifyLink" time="2.817"/>
  <testcase classname="org.run.Articles_Interest_Rate" name="verifyLink" time="2.972"/>
  <testcase classname="org.run.Articles_Interest_Rate" name="verifyLink" time="2.730"/>
  <testcase classname="org.run.Articles_Interest_Rate" name="verifyLink" time="2.828"/>
  <testcase classname="org.run.Articles_Interest_Rate" name="verifyLink" time="3.126"/>
  <testcase classname="org.run.Articles_Interest_Rate" name="verifyLink" time="2.936"/>
  <testcase classname="org.run.Articles_Interest_Rate" name="verifyLink" time="2.839"/>
  <testcase classname="org.run.Articles_Interest_Rate" name="verifyLink" time="3.007"/>
  <testcase classname="org.run.Articles_Interest_Rate" name="verifyLink" time="2.960"/>
  <testcase classname="org.run.Articles_Interest_Rate" name="verifyLink" time="3.412"/>
  <testcase classname="org.run.Articles_Interest_Rate" name="verifyLink" time="3.206"/>
  <testcase classname="org.run.Articles_Interest_Rate" name="verifyLink" time="2.921"/>
  <testcase classname="org.run.Articles_Interest_Rate" name="verifyLink" time="3.089"/>
  <testcase classname="org.run.Articles_Interest_Rate" name="verifyLink" time="2.825"/>
  <testcase classname="org.run.Articles_Interest_Rate" name="verifyLink" time="2.842"/>
  <testcase classname="org.run.Articles_Interest_Rate" name="verifyLink" time="2.889"/>
  <testcase classname="org.run.Articles_Interest_Rate" name="verifyLink" time="2.990"/>
  <testcase classname="org.run.Articles_Interest_Rate" name="verifyLink" time="3.075"/>
  <testcase classname="org.run.Articles_Interest_Rate" name="verifyLink" time="2.897"/>
  <testcase classname="org.run.Articles_Interest_Rate" name="verifyLink" time="3.029"/>
  <testcase classname="org.run.Articles_Interest_Rate" name="verifyLink" time="2.910"/>
  <testcase classname="org.run.Articles_Interest_Rate" name="verifyLink" time="2.966"/>
  <testcase classname="org.run.Articles_Interest_Rate" name="verifyLink" time="3.207"/>
  <testcase classname="org.run.Articles_Interest_Rate" name="verifyLink" time="3.130"/>
  <testcase classname="org.run.Articles_Interest_Rate" name="verifyLink" time="2.702"/>
  <testcase classname="org.run.Articles_Interest_Rate" name="verifyLink" time="2.786"/>
  <testcase classname="org.run.Articles_Interest_Rate" name="verifyLink" time="3.019"/>
  <testcase classname="org.run.Articles_Interest_Rate" name="verifyLink" time="2.984"/>
  <testcase classname="org.run.Articles_Interest_Rate" name="verifyLink" time="2.910"/>
  <testcase classname="org.run.Articles_Interest_Rate" name="verifyLink" time="2.866"/>
  <testcase classname="org.run.Articles_Interest_Rate" name="verifyLink" time="2.835"/>
  <testcase classname="org.run.Articles_Interest_Rate" name="verifyLink" time="2.976"/>
  <testcase classname="org.run.Articles_Interest_Rate" name="verifyLink" time="3.200"/>
  <testcase classname="org.run.Articles_Interest_Rate" name="verifyLink" time="2.899"/>
  <testcase classname="org.run.Articles_Interest_Rate" name="verifyLink" time="2.841"/>
  <testcase classname="org.run.Articles_Interest_Rate" name="verifyLink" time="2.906"/>
  <testcase classname="org.run.Articles_Interest_Rate" name="verifyLink" time="2.977"/>
  <testcase classname="org.run.Articles_Interest_Rate" name="verifyLink" time="2.886"/>
  <testcase classname="org.run.Articles_Interest_Rate" name="verifyLink" time="2.846"/>
  <testcase classname="org.run.Articles_Interest_Rate" name="verifyLink" time="2.879"/>
  <testcase classname="org.run.Articles_Interest_Rate" name="verifyLink" time="2.755"/>
  <testcase classname="org.run.Articles_Interest_Rate" name="verifyLink" time="2.948"/>
  <testcase classname="org.run.Articles_Interest_Rate" name="verifyLink" time="3.042"/>
  <testcase classname="org.run.Articles_Interest_Rate" name="verifyLink" time="2.858"/>
  <testcase classname="org.run.Articles_Interest_Rate" name="verifyLink" time="3.022"/>
  <testcase classname="org.run.Articles_Interest_Rate" name="verifyLink" time="3.013"/>
  <testcase classname="org.run.Articles_Interest_Rate" name="verifyLink" time="2.722"/>
  <testcase classname="org.run.Articles_Interest_Rate" name="verifyLink" time="2.744"/>
  <testcase classname="org.run.Articles_Interest_Rate" name="verifyLink" time="2.874"/>
  <testcase classname="org.run.Articles_Interest_Rate" name="verifyLink" time="2.785"/>
  <testcase classname="org.run.Articles_Interest_Rate" name="verifyLink" time="2.748"/>
  <testcase classname="org.run.Articles_Interest_Rate" name="verifyLink" time="3.008"/>
  <testcase classname="org.run.Articles_Interest_Rate" name="verifyLink" time="2.861"/>
  <testcase classname="org.run.Articles_Interest_Rate" name="verifyLink" time="2.895"/>
  <testcase classname="org.run.Articles_Interest_Rate" name="verifyLink" time="2.952"/>
  <testcase classname="org.run.Articles_Interest_Rate" name="verifyLink" time="2.853"/>
  <testcase classname="org.run.Articles_Interest_Rate" name="verifyLink" time="2.888"/>
  <testcase classname="org.run.Articles_Interest_Rate" name="verifyLink" time="2.763"/>
  <testcase classname="org.run.Articles_Interest_Rate" name="verifyLink" time="2.912"/>
  <testcase classname="org.run.Articles_Interest_Rate" name="verifyLink" time="2.819"/>
  <testcase classname="org.run.Articles_Interest_Rate" name="verifyLink" time="2.806"/>
  <testcase classname="org.run.Articles_Interest_Rate" name="verifyLink" time="2.879"/>
  <testcase classname="org.run.Articles_Interest_Rate" name="verifyLink" time="5.805"/>
  <testcase classname="org.run.Articles_Interest_Rate" name="verifyLink" time="3.201"/>
  <testcase classname="org.run.Articles_Interest_Rate" name="verifyLink" time="3.586"/>
  <testcase classname="org.run.Articles_Interest_Rate" name="verifyLink" time="2.947"/>
  <testcase classname="org.run.Articles_Interest_Rate" name="verifyLink" time="2.898"/>
  <testcase classname="org.run.Articles_Interest_Rate" name="verifyLink" time="2.974"/>
  <testcase classname="org.run.Articles_Interest_Rate" name="verifyLink" time="3.016"/>
  <testcase classname="org.run.Articles_Interest_Rate" name="verifyLink" time="2.900"/>
  <testcase classname="org.run.Articles_Interest_Rate" name="verifyLink" time="2.924"/>
  <testcase classname="org.run.Articles_Interest_Rate" name="verifyLink" time="3.012"/>
  <testcase classname="org.run.Articles_Interest_Rate" name="verifyLink" time="2.927"/>
  <testcase classname="org.run.Articles_Interest_Rate" name="verifyLink" time="2.804"/>
  <testcase classname="org.run.Articles_Interest_Rate" name="verifyLink" time="3.170"/>
  <testcase classname="org.run.Articles_Interest_Rate" name="verifyLink" time="2.826"/>
  <testcase classname="org.run.Articles_Interest_Rate" name="verifyLink" time="2.860"/>
  <testcase classname="org.run.Articles_Interest_Rate" name="verifyLink" time="3.200"/>
  <testcase classname="org.run.Articles_Interest_Rate" name="verifyLink" time="3.084"/>
  <testcase classname="org.run.Articles_Interest_Rate" name="verifyLink" time="2.992"/>
  <testcase classname="org.run.Articles_Interest_Rate" name="verifyLink" time="2.946"/>
  <testcase classname="org.run.Articles_Interest_Rate" name="verifyLink" time="2.934"/>
  <testcase classname="org.run.Articles_Interest_Rate" name="verifyLink" time="2.779"/>
  <testcase classname="org.run.Articles_Interest_Rate" name="verifyLink" time="2.904"/>
  <testcase classname="org.run.Articles_Interest_Rate" name="verifyLink" time="3.015"/>
  <testcase classname="org.run.Articles_Interest_Rate" name="verifyLink" time="3.071"/>
  <testcase classname="org.run.Articles_Interest_Rate" name="verifyLink" time="2.782"/>
  <testcase classname="org.run.Articles_Interest_Rate" name="verifyLink" time="2.841"/>
  <testcase classname="org.run.Articles_Interest_Rate" name="verifyLink" time="3.019"/>
  <testcase classname="org.run.Articles_Interest_Rate" name="verifyLink" time="3.387"/>
  <testcase classname="org.run.Articles_Interest_Rate" name="verifyLink" time="2.924"/>
  <testcase classname="org.run.Articles_Interest_Rate" name="verifyLink" time="2.914"/>
  <testcase classname="org.run.Articles_Interest_Rate" name="verifyLink" time="2.815"/>
  <testcase classname="org.run.Articles_Interest_Rate" name="verifyLink" time="2.792"/>
  <testcase classname="org.run.Articles_Interest_Rate" name="verifyLink" time="3.162"/>
  <testcase classname="org.run.Articles_Interest_Rate" name="verifyLink" time="2.916"/>
  <testcase classname="org.run.Articles_Interest_Rate" name="verifyLink" time="2.914"/>
  <testcase classname="org.run.Articles_Interest_Rate" name="verifyLink" time="3.052"/>
  <testcase classname="org.run.Articles_Interest_Rate" name="verifyLink" time="2.881"/>
  <testcase classname="org.run.Articles_Interest_Rate" name="verifyLink" time="3.082"/>
  <testcase classname="org.run.Articles_Interest_Rate" name="verifyLink" time="2.679"/>
  <testcase classname="org.run.Articles_Interest_Rate" name="verifyLink" time="3.787"/>
  <testcase classname="org.run.Articles_Interest_Rate" name="verifyLink" time="2.951"/>
  <testcase classname="org.run.Articles_Interest_Rate" name="verifyLink" time="2.953"/>
  <testcase classname="org.run.Articles_Interest_Rate" name="verifyLink" time="2.826"/>
  <testcase classname="org.run.Articles_Interest_Rate" name="verifyLink" time="2.855"/>
  <testcase classname="org.run.Articles_Interest_Rate" name="verifyLink" time="2.943"/>
  <testcase classname="org.run.Articles_Interest_Rate" name="verifyLink" time="2.655"/>
  <testcase classname="org.run.Articles_Interest_Rate" name="verifyLink" time="3.164"/>
</testsuite> <!-- org.run.Articles_Interest_Rate -->
