<?xml version="1.0" encoding="UTF-8"?>
<!-- Generated by org.testng.reporters.JUnitReportReporter -->
<testsuite hostname="DIGITAL-0099" failures="0" tests="306" name="org.run.Articles_Interest_Rate" time="825.776" errors="0" timestamp="10 Apr 2023 13:33:03 GMT" skipped="0">
  <testcase classname="org.run.Articles_Interest_Rate" name="verifyLink" time="2.631"/>
  <testcase classname="org.run.Articles_Interest_Rate" name="verifyLink" time="2.533"/>
  <testcase classname="org.run.Articles_Interest_Rate" name="verifyLink" time="2.501"/>
  <testcase classname="org.run.Articles_Interest_Rate" name="verifyLink" time="2.622"/>
  <testcase classname="org.run.Articles_Interest_Rate" name="verifyLink" time="2.698"/>
  <testcase classname="org.run.Articles_Interest_Rate" name="verifyLink" time="2.552"/>
  <testcase classname="org.run.Articles_Interest_Rate" name="verifyLink" time="2.768"/>
  <testcase classname="org.run.Articles_Interest_Rate" name="verifyLink" time="2.613"/>
  <testcase classname="org.run.Articles_Interest_Rate" name="verifyLink" time="3.224"/>
  <testcase classname="org.run.Articles_Interest_Rate" name="verifyLink" time="2.635"/>
  <testcase classname="org.run.Articles_Interest_Rate" name="verifyLink" time="2.694"/>
  <testcase classname="org.run.Articles_Interest_Rate" name="verifyLink" time="2.754"/>
  <testcase classname="org.run.Articles_Interest_Rate" name="verifyLink" time="2.790"/>
  <testcase classname="org.run.Articles_Interest_Rate" name="verifyLink" time="2.844"/>
  <testcase classname="org.run.Articles_Interest_Rate" name="verifyLink" time="2.547"/>
  <testcase classname="org.run.Articles_Interest_Rate" name="verifyLink" time="2.718"/>
  <testcase classname="org.run.Articles_Interest_Rate" name="verifyLink" time="2.679"/>
  <testcase classname="org.run.Articles_Interest_Rate" name="verifyLink" time="2.595"/>
  <testcase classname="org.run.Articles_Interest_Rate" name="verifyLink" time="3.043"/>
  <testcase classname="org.run.Articles_Interest_Rate" name="verifyLink" time="2.676"/>
  <testcase classname="org.run.Articles_Interest_Rate" name="verifyLink" time="2.554"/>
  <testcase classname="org.run.Articles_Interest_Rate" name="verifyLink" time="2.588"/>
  <testcase classname="org.run.Articles_Interest_Rate" name="verifyLink" time="2.620"/>
  <testcase classname="org.run.Articles_Interest_Rate" name="verifyLink" time="2.608"/>
  <testcase classname="org.run.Articles_Interest_Rate" name="verifyLink" time="2.514"/>
  <testcase classname="org.run.Articles_Interest_Rate" name="verifyLink" time="2.591"/>
  <testcase classname="org.run.Articles_Interest_Rate" name="verifyLink" time="2.906"/>
  <testcase classname="org.run.Articles_Interest_Rate" name="verifyLink" time="3.066"/>
  <testcase classname="org.run.Articles_Interest_Rate" name="verifyLink" time="2.733"/>
  <testcase classname="org.run.Articles_Interest_Rate" name="verifyLink" time="2.589"/>
  <testcase classname="org.run.Articles_Interest_Rate" name="verifyLink" time="2.970"/>
  <testcase classname="org.run.Articles_Interest_Rate" name="verifyLink" time="2.634"/>
  <testcase classname="org.run.Articles_Interest_Rate" name="verifyLink" time="2.765"/>
  <testcase classname="org.run.Articles_Interest_Rate" name="verifyLink" time="2.600"/>
  <testcase classname="org.run.Articles_Interest_Rate" name="verifyLink" time="2.934"/>
  <testcase classname="org.run.Articles_Interest_Rate" name="verifyLink" time="2.715"/>
  <testcase classname="org.run.Articles_Interest_Rate" name="verifyLink" time="2.668"/>
  <testcase classname="org.run.Articles_Interest_Rate" name="verifyLink" time="2.480"/>
  <testcase classname="org.run.Articles_Interest_Rate" name="verifyLink" time="2.761"/>
  <testcase classname="org.run.Articles_Interest_Rate" name="verifyLink" time="2.676"/>
  <testcase classname="org.run.Articles_Interest_Rate" name="verifyLink" time="2.810"/>
  <testcase classname="org.run.Articles_Interest_Rate" name="verifyLink" time="2.553"/>
  <testcase classname="org.run.Articles_Interest_Rate" name="verifyLink" time="2.686"/>
  <testcase classname="org.run.Articles_Interest_Rate" name="verifyLink" time="2.796"/>
  <testcase classname="org.run.Articles_Interest_Rate" name="verifyLink" time="2.613"/>
  <testcase classname="org.run.Articles_Interest_Rate" name="verifyLink" time="2.471"/>
  <testcase classname="org.run.Articles_Interest_Rate" name="verifyLink" time="2.956"/>
  <testcase classname="org.run.Articles_Interest_Rate" name="verifyLink" time="2.486"/>
  <testcase classname="org.run.Articles_Interest_Rate" name="verifyLink" time="2.474"/>
  <testcase classname="org.run.Articles_Interest_Rate" name="verifyLink" time="2.663"/>
  <testcase classname="org.run.Articles_Interest_Rate" name="verifyLink" time="2.607"/>
  <testcase classname="org.run.Articles_Interest_Rate" name="verifyLink" time="2.592"/>
  <testcase classname="org.run.Articles_Interest_Rate" name="verifyLink" time="2.739"/>
  <testcase classname="org.run.Articles_Interest_Rate" name="verifyLink" time="2.531"/>
  <testcase classname="org.run.Articles_Interest_Rate" name="verifyLink" time="2.884"/>
  <testcase classname="org.run.Articles_Interest_Rate" name="verifyLink" time="2.520"/>
  <testcase classname="org.run.Articles_Interest_Rate" name="verifyLink" time="2.589"/>
  <testcase classname="org.run.Articles_Interest_Rate" name="verifyLink" time="2.765"/>
  <testcase classname="org.run.Articles_Interest_Rate" name="verifyLink" time="2.668"/>
  <testcase classname="org.run.Articles_Interest_Rate" name="verifyLink" time="2.561"/>
  <testcase classname="org.run.Articles_Interest_Rate" name="verifyLink" time="2.504"/>
  <testcase classname="org.run.Articles_Interest_Rate" name="verifyLink" time="3.110"/>
  <testcase classname="org.run.Articles_Interest_Rate" name="verifyLink" time="2.721"/>
  <testcase classname="org.run.Articles_Interest_Rate" name="verifyLink" time="2.687"/>
  <testcase classname="org.run.Articles_Interest_Rate" name="verifyLink" time="2.460"/>
  <testcase classname="org.run.Articles_Interest_Rate" name="verifyLink" time="2.674"/>
  <testcase classname="org.run.Articles_Interest_Rate" name="verifyLink" time="2.812"/>
  <testcase classname="org.run.Articles_Interest_Rate" name="verifyLink" time="3.135"/>
  <testcase classname="org.run.Articles_Interest_Rate" name="verifyLink" time="2.608"/>
  <testcase classname="org.run.Articles_Interest_Rate" name="verifyLink" time="2.589"/>
  <testcase classname="org.run.Articles_Interest_Rate" name="verifyLink" time="2.561"/>
  <testcase classname="org.run.Articles_Interest_Rate" name="verifyLink" time="2.856"/>
  <testcase classname="org.run.Articles_Interest_Rate" name="verifyLink" time="3.022"/>
  <testcase classname="org.run.Articles_Interest_Rate" name="verifyLink" time="2.642"/>
  <testcase classname="org.run.Articles_Interest_Rate" name="verifyLink" time="3.580"/>
  <testcase classname="org.run.Articles_Interest_Rate" name="verifyLink" time="2.464"/>
  <testcase classname="org.run.Articles_Interest_Rate" name="verifyLink" time="2.536"/>
  <testcase classname="org.run.Articles_Interest_Rate" name="verifyLink" time="2.722"/>
  <testcase classname="org.run.Articles_Interest_Rate" name="verifyLink" time="2.946"/>
  <testcase classname="org.run.Articles_Interest_Rate" name="verifyLink" time="2.530"/>
  <testcase classname="org.run.Articles_Interest_Rate" name="verifyLink" time="2.682"/>
  <testcase classname="org.run.Articles_Interest_Rate" name="verifyLink" time="2.705"/>
  <testcase classname="org.run.Articles_Interest_Rate" name="verifyLink" time="2.960"/>
  <testcase classname="org.run.Articles_Interest_Rate" name="verifyLink" time="2.735"/>
  <testcase classname="org.run.Articles_Interest_Rate" name="verifyLink" time="2.490"/>
  <testcase classname="org.run.Articles_Interest_Rate" name="verifyLink" time="2.700"/>
  <testcase classname="org.run.Articles_Interest_Rate" name="verifyLink" time="2.485"/>
  <testcase classname="org.run.Articles_Interest_Rate" name="verifyLink" time="2.481"/>
  <testcase classname="org.run.Articles_Interest_Rate" name="verifyLink" time="2.521"/>
  <testcase classname="org.run.Articles_Interest_Rate" name="verifyLink" time="2.788"/>
  <testcase classname="org.run.Articles_Interest_Rate" name="verifyLink" time="2.778"/>
  <testcase classname="org.run.Articles_Interest_Rate" name="verifyLink" time="2.884"/>
  <testcase classname="org.run.Articles_Interest_Rate" name="verifyLink" time="2.694"/>
  <testcase classname="org.run.Articles_Interest_Rate" name="verifyLink" time="2.517"/>
  <testcase classname="org.run.Articles_Interest_Rate" name="verifyLink" time="2.664"/>
  <testcase classname="org.run.Articles_Interest_Rate" name="verifyLink" time="2.549"/>
  <testcase classname="org.run.Articles_Interest_Rate" name="verifyLink" time="2.520"/>
  <testcase classname="org.run.Articles_Interest_Rate" name="verifyLink" time="2.874"/>
  <testcase classname="org.run.Articles_Interest_Rate" name="verifyLink" time="2.844"/>
  <testcase classname="org.run.Articles_Interest_Rate" name="verifyLink" time="2.498"/>
  <testcase classname="org.run.Articles_Interest_Rate" name="verifyLink" time="2.850"/>
  <testcase classname="org.run.Articles_Interest_Rate" name="verifyLink" time="2.965"/>
  <testcase classname="org.run.Articles_Interest_Rate" name="verifyLink" time="2.772"/>
  <testcase classname="org.run.Articles_Interest_Rate" name="verifyLink" time="2.667"/>
  <testcase classname="org.run.Articles_Interest_Rate" name="verifyLink" time="2.552"/>
  <testcase classname="org.run.Articles_Interest_Rate" name="verifyLink" time="2.674"/>
  <testcase classname="org.run.Articles_Interest_Rate" name="verifyLink" time="2.876"/>
  <testcase classname="org.run.Articles_Interest_Rate" name="verifyLink" time="2.726"/>
  <testcase classname="org.run.Articles_Interest_Rate" name="verifyLink" time="2.653"/>
  <testcase classname="org.run.Articles_Interest_Rate" name="verifyLink" time="2.780"/>
  <testcase classname="org.run.Articles_Interest_Rate" name="verifyLink" time="2.814"/>
  <testcase classname="org.run.Articles_Interest_Rate" name="verifyLink" time="2.669"/>
  <testcase classname="org.run.Articles_Interest_Rate" name="verifyLink" time="2.668"/>
  <testcase classname="org.run.Articles_Interest_Rate" name="verifyLink" time="2.907"/>
  <testcase classname="org.run.Articles_Interest_Rate" name="verifyLink" time="2.714"/>
  <testcase classname="org.run.Articles_Interest_Rate" name="verifyLink" time="2.904"/>
  <testcase classname="org.run.Articles_Interest_Rate" name="verifyLink" time="2.711"/>
  <testcase classname="org.run.Articles_Interest_Rate" name="verifyLink" time="2.618"/>
  <testcase classname="org.run.Articles_Interest_Rate" name="verifyLink" time="2.550"/>
  <testcase classname="org.run.Articles_Interest_Rate" name="verifyLink" time="2.758"/>
  <testcase classname="org.run.Articles_Interest_Rate" name="verifyLink" time="2.610"/>
  <testcase classname="org.run.Articles_Interest_Rate" name="verifyLink" time="2.711"/>
  <testcase classname="org.run.Articles_Interest_Rate" name="verifyLink" time="3.213"/>
  <testcase classname="org.run.Articles_Interest_Rate" name="verifyLink" time="2.477"/>
  <testcase classname="org.run.Articles_Interest_Rate" name="verifyLink" time="2.581"/>
  <testcase classname="org.run.Articles_Interest_Rate" name="verifyLink" time="2.752"/>
  <testcase classname="org.run.Articles_Interest_Rate" name="verifyLink" time="2.727"/>
  <testcase classname="org.run.Articles_Interest_Rate" name="verifyLink" time="2.426"/>
  <testcase classname="org.run.Articles_Interest_Rate" name="verifyLink" time="2.910"/>
  <testcase classname="org.run.Articles_Interest_Rate" name="verifyLink" time="2.529"/>
  <testcase classname="org.run.Articles_Interest_Rate" name="verifyLink" time="2.678"/>
  <testcase classname="org.run.Articles_Interest_Rate" name="verifyLink" time="2.731"/>
  <testcase classname="org.run.Articles_Interest_Rate" name="verifyLink" time="2.530"/>
  <testcase classname="org.run.Articles_Interest_Rate" name="verifyLink" time="2.553"/>
  <testcase classname="org.run.Articles_Interest_Rate" name="verifyLink" time="2.740"/>
  <testcase classname="org.run.Articles_Interest_Rate" name="verifyLink" time="3.508"/>
  <testcase classname="org.run.Articles_Interest_Rate" name="verifyLink" time="3.075"/>
  <testcase classname="org.run.Articles_Interest_Rate" name="verifyLink" time="2.763"/>
  <testcase classname="org.run.Articles_Interest_Rate" name="verifyLink" time="2.496"/>
  <testcase classname="org.run.Articles_Interest_Rate" name="verifyLink" time="2.831"/>
  <testcase classname="org.run.Articles_Interest_Rate" name="verifyLink" time="2.758"/>
  <testcase classname="org.run.Articles_Interest_Rate" name="verifyLink" time="2.704"/>
  <testcase classname="org.run.Articles_Interest_Rate" name="verifyLink" time="2.818"/>
  <testcase classname="org.run.Articles_Interest_Rate" name="verifyLink" time="2.948"/>
  <testcase classname="org.run.Articles_Interest_Rate" name="verifyLink" time="3.514"/>
  <testcase classname="org.run.Articles_Interest_Rate" name="verifyLink" time="2.663"/>
  <testcase classname="org.run.Articles_Interest_Rate" name="verifyLink" time="2.526"/>
  <testcase classname="org.run.Articles_Interest_Rate" name="verifyLink" time="2.726"/>
  <testcase classname="org.run.Articles_Interest_Rate" name="verifyLink" time="2.803"/>
  <testcase classname="org.run.Articles_Interest_Rate" name="verifyLink" time="2.815"/>
  <testcase classname="org.run.Articles_Interest_Rate" name="verifyLink" time="2.697"/>
  <testcase classname="org.run.Articles_Interest_Rate" name="verifyLink" time="2.541"/>
  <testcase classname="org.run.Articles_Interest_Rate" name="verifyLink" time="2.574"/>
  <testcase classname="org.run.Articles_Interest_Rate" name="verifyLink" time="2.644"/>
  <testcase classname="org.run.Articles_Interest_Rate" name="verifyLink" time="2.743"/>
  <testcase classname="org.run.Articles_Interest_Rate" name="verifyLink" time="2.720"/>
  <testcase classname="org.run.Articles_Interest_Rate" name="verifyLink" time="2.733"/>
  <testcase classname="org.run.Articles_Interest_Rate" name="verifyLink" time="2.501"/>
  <testcase classname="org.run.Articles_Interest_Rate" name="verifyLink" time="2.665"/>
  <testcase classname="org.run.Articles_Interest_Rate" name="verifyLink" time="2.844"/>
  <testcase classname="org.run.Articles_Interest_Rate" name="verifyLink" time="2.736"/>
  <testcase classname="org.run.Articles_Interest_Rate" name="verifyLink" time="2.701"/>
  <testcase classname="org.run.Articles_Interest_Rate" name="verifyLink" time="2.492"/>
  <testcase classname="org.run.Articles_Interest_Rate" name="verifyLink" time="2.496"/>
  <testcase classname="org.run.Articles_Interest_Rate" name="verifyLink" time="2.566"/>
  <testcase classname="org.run.Articles_Interest_Rate" name="verifyLink" time="2.643"/>
  <testcase classname="org.run.Articles_Interest_Rate" name="verifyLink" time="2.477"/>
  <testcase classname="org.run.Articles_Interest_Rate" name="verifyLink" time="2.689"/>
  <testcase classname="org.run.Articles_Interest_Rate" name="verifyLink" time="2.504"/>
  <testcase classname="org.run.Articles_Interest_Rate" name="verifyLink" time="2.500"/>
  <testcase classname="org.run.Articles_Interest_Rate" name="verifyLink" time="2.649"/>
  <testcase classname="org.run.Articles_Interest_Rate" name="verifyLink" time="2.747"/>
  <testcase classname="org.run.Articles_Interest_Rate" name="verifyLink" time="2.627"/>
  <testcase classname="org.run.Articles_Interest_Rate" name="verifyLink" time="2.744"/>
  <testcase classname="org.run.Articles_Interest_Rate" name="verifyLink" time="2.543"/>
  <testcase classname="org.run.Articles_Interest_Rate" name="verifyLink" time="2.731"/>
  <testcase classname="org.run.Articles_Interest_Rate" name="verifyLink" time="2.889"/>
  <testcase classname="org.run.Articles_Interest_Rate" name="verifyLink" time="2.452"/>
  <testcase classname="org.run.Articles_Interest_Rate" name="verifyLink" time="2.735"/>
  <testcase classname="org.run.Articles_Interest_Rate" name="verifyLink" time="2.915"/>
  <testcase classname="org.run.Articles_Interest_Rate" name="verifyLink" time="2.615"/>
  <testcase classname="org.run.Articles_Interest_Rate" name="verifyLink" time="2.772"/>
  <testcase classname="org.run.Articles_Interest_Rate" name="verifyLink" time="2.542"/>
  <testcase classname="org.run.Articles_Interest_Rate" name="verifyLink" time="2.825"/>
  <testcase classname="org.run.Articles_Interest_Rate" name="verifyLink" time="2.623"/>
  <testcase classname="org.run.Articles_Interest_Rate" name="verifyLink" time="2.573"/>
  <testcase classname="org.run.Articles_Interest_Rate" name="verifyLink" time="2.700"/>
  <testcase classname="org.run.Articles_Interest_Rate" name="verifyLink" time="3.943"/>
  <testcase classname="org.run.Articles_Interest_Rate" name="verifyLink" time="2.776"/>
  <testcase classname="org.run.Articles_Interest_Rate" name="verifyLink" time="2.450"/>
  <testcase classname="org.run.Articles_Interest_Rate" name="verifyLink" time="2.706"/>
  <testcase classname="org.run.Articles_Interest_Rate" name="verifyLink" time="2.531"/>
  <testcase classname="org.run.Articles_Interest_Rate" name="verifyLink" time="2.562"/>
  <testcase classname="org.run.Articles_Interest_Rate" name="verifyLink" time="2.482"/>
  <testcase classname="org.run.Articles_Interest_Rate" name="verifyLink" time="2.763"/>
  <testcase classname="org.run.Articles_Interest_Rate" name="verifyLink" time="2.910"/>
  <testcase classname="org.run.Articles_Interest_Rate" name="verifyLink" time="2.899"/>
  <testcase classname="org.run.Articles_Interest_Rate" name="verifyLink" time="3.060"/>
  <testcase classname="org.run.Articles_Interest_Rate" name="verifyLink" time="2.669"/>
  <testcase classname="org.run.Articles_Interest_Rate" name="verifyLink" time="2.786"/>
  <testcase classname="org.run.Articles_Interest_Rate" name="verifyLink" time="2.720"/>
  <testcase classname="org.run.Articles_Interest_Rate" name="verifyLink" time="2.940"/>
  <testcase classname="org.run.Articles_Interest_Rate" name="verifyLink" time="2.460"/>
  <testcase classname="org.run.Articles_Interest_Rate" name="verifyLink" time="2.466"/>
  <testcase classname="org.run.Articles_Interest_Rate" name="verifyLink" time="2.733"/>
  <testcase classname="org.run.Articles_Interest_Rate" name="verifyLink" time="2.836"/>
  <testcase classname="org.run.Articles_Interest_Rate" name="verifyLink" time="2.550"/>
  <testcase classname="org.run.Articles_Interest_Rate" name="verifyLink" time="2.718"/>
  <testcase classname="org.run.Articles_Interest_Rate" name="verifyLink" time="2.518"/>
  <testcase classname="org.run.Articles_Interest_Rate" name="verifyLink" time="2.455"/>
  <testcase classname="org.run.Articles_Interest_Rate" name="verifyLink" time="3.279"/>
  <testcase classname="org.run.Articles_Interest_Rate" name="verifyLink" time="2.741"/>
  <testcase classname="org.run.Articles_Interest_Rate" name="verifyLink" time="2.633"/>
  <testcase classname="org.run.Articles_Interest_Rate" name="verifyLink" time="2.804"/>
  <testcase classname="org.run.Articles_Interest_Rate" name="verifyLink" time="2.594"/>
  <testcase classname="org.run.Articles_Interest_Rate" name="verifyLink" time="2.505"/>
  <testcase classname="org.run.Articles_Interest_Rate" name="verifyLink" time="2.712"/>
  <testcase classname="org.run.Articles_Interest_Rate" name="verifyLink" time="2.520"/>
  <testcase classname="org.run.Articles_Interest_Rate" name="verifyLink" time="2.702"/>
  <testcase classname="org.run.Articles_Interest_Rate" name="verifyLink" time="2.752"/>
  <testcase classname="org.run.Articles_Interest_Rate" name="verifyLink" time="2.776"/>
  <testcase classname="org.run.Articles_Interest_Rate" name="verifyLink" time="2.516"/>
  <testcase classname="org.run.Articles_Interest_Rate" name="verifyLink" time="2.466"/>
  <testcase classname="org.run.Articles_Interest_Rate" name="verifyLink" time="2.491"/>
  <testcase classname="org.run.Articles_Interest_Rate" name="verifyLink" time="2.426"/>
  <testcase classname="org.run.Articles_Interest_Rate" name="verifyLink" time="3.447"/>
  <testcase classname="org.run.Articles_Interest_Rate" name="verifyLink" time="2.447"/>
  <testcase classname="org.run.Articles_Interest_Rate" name="verifyLink" time="2.742"/>
  <testcase classname="org.run.Articles_Interest_Rate" name="verifyLink" time="2.538"/>
  <testcase classname="org.run.Articles_Interest_Rate" name="verifyLink" time="2.520"/>
  <testcase classname="org.run.Articles_Interest_Rate" name="verifyLink" time="2.660"/>
  <testcase classname="org.run.Articles_Interest_Rate" name="verifyLink" time="1.664"/>
  <testcase classname="org.run.Articles_Interest_Rate" name="verifyLink" time="2.517"/>
  <testcase classname="org.run.Articles_Interest_Rate" name="verifyLink" time="2.645"/>
  <testcase classname="org.run.Articles_Interest_Rate" name="verifyLink" time="2.568"/>
  <testcase classname="org.run.Articles_Interest_Rate" name="verifyLink" time="2.538"/>
  <testcase classname="org.run.Articles_Interest_Rate" name="verifyLink" time="2.714"/>
  <testcase classname="org.run.Articles_Interest_Rate" name="verifyLink" time="2.905"/>
  <testcase classname="org.run.Articles_Interest_Rate" name="verifyLink" time="2.500"/>
  <testcase classname="org.run.Articles_Interest_Rate" name="verifyLink" time="2.491"/>
  <testcase classname="org.run.Articles_Interest_Rate" name="verifyLink" time="3.401"/>
  <testcase classname="org.run.Articles_Interest_Rate" name="verifyLink" time="2.488"/>
  <testcase classname="org.run.Articles_Interest_Rate" name="verifyLink" time="2.620"/>
  <testcase classname="org.run.Articles_Interest_Rate" name="verifyLink" time="2.568"/>
  <testcase classname="org.run.Articles_Interest_Rate" name="verifyLink" time="3.013"/>
  <testcase classname="org.run.Articles_Interest_Rate" name="verifyLink" time="2.859"/>
  <testcase classname="org.run.Articles_Interest_Rate" name="verifyLink" time="2.846"/>
  <testcase classname="org.run.Articles_Interest_Rate" name="verifyLink" time="2.547"/>
  <testcase classname="org.run.Articles_Interest_Rate" name="verifyLink" time="2.655"/>
  <testcase classname="org.run.Articles_Interest_Rate" name="verifyLink" time="2.532"/>
  <testcase classname="org.run.Articles_Interest_Rate" name="verifyLink" time="2.558"/>
  <testcase classname="org.run.Articles_Interest_Rate" name="verifyLink" time="2.871"/>
  <testcase classname="org.run.Articles_Interest_Rate" name="verifyLink" time="2.919"/>
  <testcase classname="org.run.Articles_Interest_Rate" name="verifyLink" time="2.589"/>
  <testcase classname="org.run.Articles_Interest_Rate" name="verifyLink" time="2.544"/>
  <testcase classname="org.run.Articles_Interest_Rate" name="verifyLink" time="2.552"/>
  <testcase classname="org.run.Articles_Interest_Rate" name="verifyLink" time="2.735"/>
  <testcase classname="org.run.Articles_Interest_Rate" name="verifyLink" time="3.054"/>
  <testcase classname="org.run.Articles_Interest_Rate" name="verifyLink" time="2.588"/>
  <testcase classname="org.run.Articles_Interest_Rate" name="verifyLink" time="2.523"/>
  <testcase classname="org.run.Articles_Interest_Rate" name="verifyLink" time="2.820"/>
  <testcase classname="org.run.Articles_Interest_Rate" name="verifyLink" time="2.457"/>
  <testcase classname="org.run.Articles_Interest_Rate" name="verifyLink" time="2.998"/>
  <testcase classname="org.run.Articles_Interest_Rate" name="verifyLink" time="3.244"/>
  <testcase classname="org.run.Articles_Interest_Rate" name="verifyLink" time="2.674"/>
  <testcase classname="org.run.Articles_Interest_Rate" name="verifyLink" time="3.063"/>
  <testcase classname="org.run.Articles_Interest_Rate" name="verifyLink" time="2.585"/>
  <testcase classname="org.run.Articles_Interest_Rate" name="verifyLink" time="2.522"/>
  <testcase classname="org.run.Articles_Interest_Rate" name="verifyLink" time="2.692"/>
  <testcase classname="org.run.Articles_Interest_Rate" name="verifyLink" time="2.811"/>
  <testcase classname="org.run.Articles_Interest_Rate" name="verifyLink" time="2.693"/>
  <testcase classname="org.run.Articles_Interest_Rate" name="verifyLink" time="2.926"/>
  <testcase classname="org.run.Articles_Interest_Rate" name="verifyLink" time="2.436"/>
  <testcase classname="org.run.Articles_Interest_Rate" name="verifyLink" time="2.690"/>
  <testcase classname="org.run.Articles_Interest_Rate" name="verifyLink" time="2.870"/>
  <testcase classname="org.run.Articles_Interest_Rate" name="verifyLink" time="2.859"/>
  <testcase classname="org.run.Articles_Interest_Rate" name="verifyLink" time="2.540"/>
  <testcase classname="org.run.Articles_Interest_Rate" name="verifyLink" time="2.488"/>
  <testcase classname="org.run.Articles_Interest_Rate" name="verifyLink" time="2.800"/>
  <testcase classname="org.run.Articles_Interest_Rate" name="verifyLink" time="2.739"/>
  <testcase classname="org.run.Articles_Interest_Rate" name="verifyLink" time="2.542"/>
  <testcase classname="org.run.Articles_Interest_Rate" name="verifyLink" time="2.764"/>
  <testcase classname="org.run.Articles_Interest_Rate" name="verifyLink" time="2.528"/>
  <testcase classname="org.run.Articles_Interest_Rate" name="verifyLink" time="2.668"/>
  <testcase classname="org.run.Articles_Interest_Rate" name="verifyLink" time="2.530"/>
  <testcase classname="org.run.Articles_Interest_Rate" name="verifyLink" time="2.468"/>
  <testcase classname="org.run.Articles_Interest_Rate" name="verifyLink" time="2.601"/>
  <testcase classname="org.run.Articles_Interest_Rate" name="verifyLink" time="2.532"/>
  <testcase classname="org.run.Articles_Interest_Rate" name="verifyLink" time="2.600"/>
  <testcase classname="org.run.Articles_Interest_Rate" name="verifyLink" time="2.850"/>
  <testcase classname="org.run.Articles_Interest_Rate" name="verifyLink" time="3.093"/>
  <testcase classname="org.run.Articles_Interest_Rate" name="verifyLink" time="2.748"/>
  <testcase classname="org.run.Articles_Interest_Rate" name="verifyLink" time="2.694"/>
  <testcase classname="org.run.Articles_Interest_Rate" name="verifyLink" time="2.730"/>
  <testcase classname="org.run.Articles_Interest_Rate" name="verifyLink" time="2.682"/>
  <testcase classname="org.run.Articles_Interest_Rate" name="verifyLink" time="2.612"/>
  <testcase classname="org.run.Articles_Interest_Rate" name="verifyLink" time="2.673"/>
  <testcase classname="org.run.Articles_Interest_Rate" name="verifyLink" time="1.649"/>
  <testcase classname="org.run.Articles_Interest_Rate" name="verifyLink" time="2.704"/>
  <testcase classname="org.run.Articles_Interest_Rate" name="verifyLink" time="2.994"/>
  <testcase classname="org.run.Articles_Interest_Rate" name="verifyLink" time="2.806"/>
  <testcase classname="org.run.Articles_Interest_Rate" name="verifyLink" time="2.560"/>
  <testcase classname="org.run.Articles_Interest_Rate" name="verifyLink" time="2.905"/>
  <testcase classname="org.run.Articles_Interest_Rate" name="verifyLink" time="2.506"/>
  <testcase classname="org.run.Articles_Interest_Rate" name="verifyLink" time="2.680"/>
  <testcase classname="org.run.Articles_Interest_Rate" name="verifyLink" time="2.869"/>
</testsuite> <!-- org.run.Articles_Interest_Rate -->
