<?xml version="1.0" encoding="UTF-8"?>
<!-- Generated by org.testng.reporters.JUnitReportReporter -->
<testsuite hostname="DIGITAL-0099" failures="0" tests="306" name="org.run.article" time="1028.769" errors="0" timestamp="27 Mar 2023 07:43:33 GMT" skipped="0">
  <testcase classname="org.run.article" name="execute" time="3.071"/>
  <testcase classname="org.run.article" name="execute" time="3.010"/>
  <testcase classname="org.run.article" name="execute" time="3.503"/>
  <testcase classname="org.run.article" name="execute" time="3.209"/>
  <testcase classname="org.run.article" name="execute" time="3.233"/>
  <testcase classname="org.run.article" name="execute" time="3.123"/>
  <testcase classname="org.run.article" name="execute" time="4.175"/>
  <testcase classname="org.run.article" name="execute" time="3.153"/>
  <testcase classname="org.run.article" name="execute" time="3.600"/>
  <testcase classname="org.run.article" name="execute" time="3.174"/>
  <testcase classname="org.run.article" name="execute" time="3.290"/>
  <testcase classname="org.run.article" name="execute" time="3.406"/>
  <testcase classname="org.run.article" name="execute" time="3.095"/>
  <testcase classname="org.run.article" name="execute" time="3.295"/>
  <testcase classname="org.run.article" name="execute" time="3.122"/>
  <testcase classname="org.run.article" name="execute" time="3.471"/>
  <testcase classname="org.run.article" name="execute" time="3.203"/>
  <testcase classname="org.run.article" name="execute" time="3.074"/>
  <testcase classname="org.run.article" name="execute" time="3.045"/>
  <testcase classname="org.run.article" name="execute" time="3.108"/>
  <testcase classname="org.run.article" name="execute" time="3.351"/>
  <testcase classname="org.run.article" name="execute" time="2.872"/>
  <testcase classname="org.run.article" name="execute" time="3.637"/>
  <testcase classname="org.run.article" name="execute" time="3.427"/>
  <testcase classname="org.run.article" name="execute" time="3.137"/>
  <testcase classname="org.run.article" name="execute" time="3.330"/>
  <testcase classname="org.run.article" name="execute" time="3.069"/>
  <testcase classname="org.run.article" name="execute" time="3.312"/>
  <testcase classname="org.run.article" name="execute" time="3.015"/>
  <testcase classname="org.run.article" name="execute" time="3.522"/>
  <testcase classname="org.run.article" name="execute" time="2.931"/>
  <testcase classname="org.run.article" name="execute" time="3.595"/>
  <testcase classname="org.run.article" name="execute" time="3.272"/>
  <testcase classname="org.run.article" name="execute" time="3.373"/>
  <testcase classname="org.run.article" name="execute" time="3.196"/>
  <testcase classname="org.run.article" name="execute" time="3.195"/>
  <testcase classname="org.run.article" name="execute" time="3.452"/>
  <testcase classname="org.run.article" name="execute" time="3.544"/>
  <testcase classname="org.run.article" name="execute" time="3.194"/>
  <testcase classname="org.run.article" name="execute" time="3.077"/>
  <testcase classname="org.run.article" name="execute" time="3.509"/>
  <testcase classname="org.run.article" name="execute" time="3.575"/>
  <testcase classname="org.run.article" name="execute" time="3.664"/>
  <testcase classname="org.run.article" name="execute" time="2.997"/>
  <testcase classname="org.run.article" name="execute" time="3.189"/>
  <testcase classname="org.run.article" name="execute" time="3.321"/>
  <testcase classname="org.run.article" name="execute" time="3.632"/>
  <testcase classname="org.run.article" name="execute" time="3.114"/>
  <testcase classname="org.run.article" name="execute" time="3.730"/>
  <testcase classname="org.run.article" name="execute" time="3.720"/>
  <testcase classname="org.run.article" name="execute" time="3.309"/>
  <testcase classname="org.run.article" name="execute" time="3.214"/>
  <testcase classname="org.run.article" name="execute" time="3.301"/>
  <testcase classname="org.run.article" name="execute" time="3.858"/>
  <testcase classname="org.run.article" name="execute" time="3.335"/>
  <testcase classname="org.run.article" name="execute" time="3.305"/>
  <testcase classname="org.run.article" name="execute" time="3.399"/>
  <testcase classname="org.run.article" name="execute" time="3.371"/>
  <testcase classname="org.run.article" name="execute" time="3.370"/>
  <testcase classname="org.run.article" name="execute" time="3.159"/>
  <testcase classname="org.run.article" name="execute" time="3.293"/>
  <testcase classname="org.run.article" name="execute" time="3.321"/>
  <testcase classname="org.run.article" name="execute" time="3.101"/>
  <testcase classname="org.run.article" name="execute" time="3.087"/>
  <testcase classname="org.run.article" name="execute" time="6.523"/>
  <testcase classname="org.run.article" name="execute" time="3.270"/>
  <testcase classname="org.run.article" name="execute" time="4.463"/>
  <testcase classname="org.run.article" name="execute" time="3.109"/>
  <testcase classname="org.run.article" name="execute" time="3.054"/>
  <testcase classname="org.run.article" name="execute" time="3.321"/>
  <testcase classname="org.run.article" name="execute" time="3.656"/>
  <testcase classname="org.run.article" name="execute" time="3.462"/>
  <testcase classname="org.run.article" name="execute" time="4.659"/>
  <testcase classname="org.run.article" name="execute" time="3.097"/>
  <testcase classname="org.run.article" name="execute" time="3.212"/>
  <testcase classname="org.run.article" name="execute" time="3.613"/>
  <testcase classname="org.run.article" name="execute" time="3.148"/>
  <testcase classname="org.run.article" name="execute" time="3.462"/>
  <testcase classname="org.run.article" name="execute" time="3.453"/>
  <testcase classname="org.run.article" name="execute" time="3.365"/>
  <testcase classname="org.run.article" name="execute" time="3.438"/>
  <testcase classname="org.run.article" name="execute" time="3.526"/>
  <testcase classname="org.run.article" name="execute" time="3.416"/>
  <testcase classname="org.run.article" name="execute" time="3.127"/>
  <testcase classname="org.run.article" name="execute" time="3.478"/>
  <testcase classname="org.run.article" name="execute" time="3.679"/>
  <testcase classname="org.run.article" name="execute" time="3.069"/>
  <testcase classname="org.run.article" name="execute" time="3.051"/>
  <testcase classname="org.run.article" name="execute" time="3.335"/>
  <testcase classname="org.run.article" name="execute" time="3.095"/>
  <testcase classname="org.run.article" name="execute" time="3.679"/>
  <testcase classname="org.run.article" name="execute" time="3.515"/>
  <testcase classname="org.run.article" name="execute" time="3.290"/>
  <testcase classname="org.run.article" name="execute" time="3.529"/>
  <testcase classname="org.run.article" name="execute" time="3.379"/>
  <testcase classname="org.run.article" name="execute" time="3.085"/>
  <testcase classname="org.run.article" name="execute" time="3.255"/>
  <testcase classname="org.run.article" name="execute" time="3.824"/>
  <testcase classname="org.run.article" name="execute" time="3.227"/>
  <testcase classname="org.run.article" name="execute" time="3.494"/>
  <testcase classname="org.run.article" name="execute" time="3.233"/>
  <testcase classname="org.run.article" name="execute" time="3.342"/>
  <testcase classname="org.run.article" name="execute" time="3.042"/>
  <testcase classname="org.run.article" name="execute" time="3.720"/>
  <testcase classname="org.run.article" name="execute" time="3.216"/>
  <testcase classname="org.run.article" name="execute" time="3.500"/>
  <testcase classname="org.run.article" name="execute" time="3.074"/>
  <testcase classname="org.run.article" name="execute" time="3.454"/>
  <testcase classname="org.run.article" name="execute" time="3.630"/>
  <testcase classname="org.run.article" name="execute" time="3.600"/>
  <testcase classname="org.run.article" name="execute" time="3.619"/>
  <testcase classname="org.run.article" name="execute" time="3.425"/>
  <testcase classname="org.run.article" name="execute" time="3.187"/>
  <testcase classname="org.run.article" name="execute" time="3.385"/>
  <testcase classname="org.run.article" name="execute" time="3.372"/>
  <testcase classname="org.run.article" name="execute" time="3.172"/>
  <testcase classname="org.run.article" name="execute" time="3.627"/>
  <testcase classname="org.run.article" name="execute" time="3.183"/>
  <testcase classname="org.run.article" name="execute" time="3.182"/>
  <testcase classname="org.run.article" name="execute" time="3.323"/>
  <testcase classname="org.run.article" name="execute" time="3.087"/>
  <testcase classname="org.run.article" name="execute" time="3.630"/>
  <testcase classname="org.run.article" name="execute" time="3.139"/>
  <testcase classname="org.run.article" name="execute" time="3.651"/>
  <testcase classname="org.run.article" name="execute" time="4.139"/>
  <testcase classname="org.run.article" name="execute" time="3.448"/>
  <testcase classname="org.run.article" name="execute" time="2.927"/>
  <testcase classname="org.run.article" name="execute" time="3.197"/>
  <testcase classname="org.run.article" name="execute" time="3.111"/>
  <testcase classname="org.run.article" name="execute" time="3.259"/>
  <testcase classname="org.run.article" name="execute" time="3.606"/>
  <testcase classname="org.run.article" name="execute" time="3.078"/>
  <testcase classname="org.run.article" name="execute" time="3.451"/>
  <testcase classname="org.run.article" name="execute" time="3.297"/>
  <testcase classname="org.run.article" name="execute" time="3.273"/>
  <testcase classname="org.run.article" name="execute" time="3.109"/>
  <testcase classname="org.run.article" name="execute" time="3.166"/>
  <testcase classname="org.run.article" name="execute" time="3.310"/>
  <testcase classname="org.run.article" name="execute" time="3.137"/>
  <testcase classname="org.run.article" name="execute" time="3.341"/>
  <testcase classname="org.run.article" name="execute" time="3.574"/>
  <testcase classname="org.run.article" name="execute" time="3.503"/>
  <testcase classname="org.run.article" name="execute" time="3.027"/>
  <testcase classname="org.run.article" name="execute" time="3.271"/>
  <testcase classname="org.run.article" name="execute" time="3.044"/>
  <testcase classname="org.run.article" name="execute" time="3.293"/>
  <testcase classname="org.run.article" name="execute" time="3.154"/>
  <testcase classname="org.run.article" name="execute" time="3.464"/>
  <testcase classname="org.run.article" name="execute" time="3.243"/>
  <testcase classname="org.run.article" name="execute" time="3.385"/>
  <testcase classname="org.run.article" name="execute" time="3.528"/>
  <testcase classname="org.run.article" name="execute" time="3.087"/>
  <testcase classname="org.run.article" name="execute" time="3.357"/>
  <testcase classname="org.run.article" name="execute" time="3.386"/>
  <testcase classname="org.run.article" name="execute" time="3.693"/>
  <testcase classname="org.run.article" name="execute" time="3.122"/>
  <testcase classname="org.run.article" name="execute" time="3.375"/>
  <testcase classname="org.run.article" name="execute" time="3.158"/>
  <testcase classname="org.run.article" name="execute" time="3.517"/>
  <testcase classname="org.run.article" name="execute" time="3.183"/>
  <testcase classname="org.run.article" name="execute" time="3.163"/>
  <testcase classname="org.run.article" name="execute" time="3.373"/>
  <testcase classname="org.run.article" name="execute" time="3.676"/>
  <testcase classname="org.run.article" name="execute" time="3.363"/>
  <testcase classname="org.run.article" name="execute" time="3.191"/>
  <testcase classname="org.run.article" name="execute" time="3.577"/>
  <testcase classname="org.run.article" name="execute" time="3.119"/>
  <testcase classname="org.run.article" name="execute" time="3.227"/>
  <testcase classname="org.run.article" name="execute" time="3.355"/>
  <testcase classname="org.run.article" name="execute" time="3.373"/>
  <testcase classname="org.run.article" name="execute" time="3.187"/>
  <testcase classname="org.run.article" name="execute" time="3.195"/>
  <testcase classname="org.run.article" name="execute" time="3.267"/>
  <testcase classname="org.run.article" name="execute" time="3.320"/>
  <testcase classname="org.run.article" name="execute" time="3.731"/>
  <testcase classname="org.run.article" name="execute" time="3.095"/>
  <testcase classname="org.run.article" name="execute" time="3.338"/>
  <testcase classname="org.run.article" name="execute" time="3.721"/>
  <testcase classname="org.run.article" name="execute" time="3.109"/>
  <testcase classname="org.run.article" name="execute" time="2.961"/>
  <testcase classname="org.run.article" name="execute" time="3.461"/>
  <testcase classname="org.run.article" name="execute" time="3.218"/>
  <testcase classname="org.run.article" name="execute" time="3.143"/>
  <testcase classname="org.run.article" name="execute" time="3.869"/>
  <testcase classname="org.run.article" name="execute" time="3.238"/>
  <testcase classname="org.run.article" name="execute" time="3.498"/>
  <testcase classname="org.run.article" name="execute" time="3.424"/>
  <testcase classname="org.run.article" name="execute" time="3.330"/>
  <testcase classname="org.run.article" name="execute" time="3.240"/>
  <testcase classname="org.run.article" name="execute" time="3.250"/>
  <testcase classname="org.run.article" name="execute" time="3.396"/>
  <testcase classname="org.run.article" name="execute" time="3.803"/>
  <testcase classname="org.run.article" name="execute" time="3.225"/>
  <testcase classname="org.run.article" name="execute" time="3.670"/>
  <testcase classname="org.run.article" name="execute" time="3.421"/>
  <testcase classname="org.run.article" name="execute" time="3.436"/>
  <testcase classname="org.run.article" name="execute" time="3.818"/>
  <testcase classname="org.run.article" name="execute" time="3.303"/>
  <testcase classname="org.run.article" name="execute" time="3.309"/>
  <testcase classname="org.run.article" name="execute" time="3.710"/>
  <testcase classname="org.run.article" name="execute" time="3.483"/>
  <testcase classname="org.run.article" name="execute" time="3.401"/>
  <testcase classname="org.run.article" name="execute" time="3.038"/>
  <testcase classname="org.run.article" name="execute" time="3.299"/>
  <testcase classname="org.run.article" name="execute" time="3.477"/>
  <testcase classname="org.run.article" name="execute" time="3.419"/>
  <testcase classname="org.run.article" name="execute" time="3.150"/>
  <testcase classname="org.run.article" name="execute" time="2.871"/>
  <testcase classname="org.run.article" name="execute" time="3.322"/>
  <testcase classname="org.run.article" name="execute" time="3.481"/>
  <testcase classname="org.run.article" name="execute" time="3.293"/>
  <testcase classname="org.run.article" name="execute" time="3.262"/>
  <testcase classname="org.run.article" name="execute" time="3.324"/>
  <testcase classname="org.run.article" name="execute" time="3.265"/>
  <testcase classname="org.run.article" name="execute" time="3.202"/>
  <testcase classname="org.run.article" name="execute" time="3.371"/>
  <testcase classname="org.run.article" name="execute" time="3.307"/>
  <testcase classname="org.run.article" name="execute" time="2.992"/>
  <testcase classname="org.run.article" name="execute" time="3.191"/>
  <testcase classname="org.run.article" name="execute" time="3.042"/>
  <testcase classname="org.run.article" name="execute" time="3.033"/>
  <testcase classname="org.run.article" name="execute" time="3.373"/>
  <testcase classname="org.run.article" name="execute" time="3.527"/>
  <testcase classname="org.run.article" name="execute" time="3.378"/>
  <testcase classname="org.run.article" name="execute" time="3.395"/>
  <testcase classname="org.run.article" name="execute" time="3.353"/>
  <testcase classname="org.run.article" name="execute" time="3.465"/>
  <testcase classname="org.run.article" name="execute" time="3.511"/>
  <testcase classname="org.run.article" name="execute" time="3.139"/>
  <testcase classname="org.run.article" name="execute" time="3.691"/>
  <testcase classname="org.run.article" name="execute" time="3.184"/>
  <testcase classname="org.run.article" name="execute" time="3.901"/>
  <testcase classname="org.run.article" name="execute" time="3.408"/>
  <testcase classname="org.run.article" name="execute" time="2.992"/>
  <testcase classname="org.run.article" name="execute" time="5.236"/>
  <testcase classname="org.run.article" name="execute" time="3.264"/>
  <testcase classname="org.run.article" name="execute" time="3.350"/>
  <testcase classname="org.run.article" name="execute" time="3.357"/>
  <testcase classname="org.run.article" name="execute" time="3.552"/>
  <testcase classname="org.run.article" name="execute" time="3.223"/>
  <testcase classname="org.run.article" name="execute" time="3.255"/>
  <testcase classname="org.run.article" name="execute" time="3.284"/>
  <testcase classname="org.run.article" name="execute" time="3.415"/>
  <testcase classname="org.run.article" name="execute" time="3.334"/>
  <testcase classname="org.run.article" name="execute" time="3.412"/>
  <testcase classname="org.run.article" name="execute" time="3.006"/>
  <testcase classname="org.run.article" name="execute" time="3.279"/>
  <testcase classname="org.run.article" name="execute" time="3.931"/>
  <testcase classname="org.run.article" name="execute" time="3.263"/>
  <testcase classname="org.run.article" name="execute" time="3.425"/>
  <testcase classname="org.run.article" name="execute" time="3.174"/>
  <testcase classname="org.run.article" name="execute" time="3.078"/>
  <testcase classname="org.run.article" name="execute" time="3.355"/>
  <testcase classname="org.run.article" name="execute" time="5.225"/>
  <testcase classname="org.run.article" name="execute" time="3.478"/>
  <testcase classname="org.run.article" name="execute" time="3.231"/>
  <testcase classname="org.run.article" name="execute" time="3.215"/>
  <testcase classname="org.run.article" name="execute" time="3.350"/>
  <testcase classname="org.run.article" name="execute" time="3.346"/>
  <testcase classname="org.run.article" name="execute" time="3.883"/>
  <testcase classname="org.run.article" name="execute" time="3.174"/>
  <testcase classname="org.run.article" name="execute" time="3.420"/>
  <testcase classname="org.run.article" name="execute" time="3.434"/>
  <testcase classname="org.run.article" name="execute" time="3.277"/>
  <testcase classname="org.run.article" name="execute" time="3.364"/>
  <testcase classname="org.run.article" name="execute" time="3.057"/>
  <testcase classname="org.run.article" name="execute" time="3.051"/>
  <testcase classname="org.run.article" name="execute" time="3.513"/>
  <testcase classname="org.run.article" name="execute" time="3.870"/>
  <testcase classname="org.run.article" name="execute" time="3.084"/>
  <testcase classname="org.run.article" name="execute" time="3.420"/>
  <testcase classname="org.run.article" name="execute" time="3.174"/>
  <testcase classname="org.run.article" name="execute" time="3.059"/>
  <testcase classname="org.run.article" name="execute" time="3.172"/>
  <testcase classname="org.run.article" name="execute" time="3.124"/>
  <testcase classname="org.run.article" name="execute" time="3.651"/>
  <testcase classname="org.run.article" name="execute" time="3.387"/>
  <testcase classname="org.run.article" name="execute" time="3.207"/>
  <testcase classname="org.run.article" name="execute" time="3.300"/>
  <testcase classname="org.run.article" name="execute" time="3.363"/>
  <testcase classname="org.run.article" name="execute" time="3.881"/>
  <testcase classname="org.run.article" name="execute" time="3.290"/>
  <testcase classname="org.run.article" name="execute" time="3.033"/>
  <testcase classname="org.run.article" name="execute" time="3.740"/>
  <testcase classname="org.run.article" name="execute" time="3.186"/>
  <testcase classname="org.run.article" name="execute" time="3.313"/>
  <testcase classname="org.run.article" name="execute" time="3.078"/>
  <testcase classname="org.run.article" name="execute" time="3.103"/>
  <testcase classname="org.run.article" name="execute" time="3.371"/>
  <testcase classname="org.run.article" name="execute" time="3.717"/>
  <testcase classname="org.run.article" name="execute" time="3.470"/>
  <testcase classname="org.run.article" name="execute" time="3.790"/>
  <testcase classname="org.run.article" name="execute" time="3.097"/>
  <testcase classname="org.run.article" name="execute" time="3.185"/>
  <testcase classname="org.run.article" name="execute" time="3.513"/>
  <testcase classname="org.run.article" name="execute" time="3.192"/>
  <testcase classname="org.run.article" name="execute" time="3.404"/>
  <testcase classname="org.run.article" name="execute" time="3.059"/>
  <testcase classname="org.run.article" name="execute" time="2.907"/>
  <testcase classname="org.run.article" name="execute" time="3.474"/>
  <testcase classname="org.run.article" name="execute" time="3.203"/>
  <testcase classname="org.run.article" name="execute" time="3.316"/>
  <testcase classname="org.run.article" name="execute" time="3.113"/>
  <testcase classname="org.run.article" name="execute" time="3.271"/>
  <testcase classname="org.run.article" name="execute" time="3.211"/>
  <testcase classname="org.run.article" name="execute" time="3.088"/>
</testsuite> <!-- org.run.article -->
